Build started 12-Jan-17 02:40:41.
     1>Project "D:\INFO\FACULTATE\introducere programare\proiect\minesweeper2\minesweeper2\minesweeper2.vcxproj" on node 2 (Build target(s)).
     1>ClCompile:
         C:\Program Files (x86)\Microsoft Visual Studio 12.0\VC\bin\CL.exe /c /ZI /nologo /W3 /WX- /sdl /Od /Oy- /D WIN32 /D _CRT_SECURE_NO_WARNINGS /D _DEBUG /D _CONSOLE /D _LIB /D _UNICODE /D UNICODE /Gm /EHsc /RTC1 /MDd /GS /fp:precise /Zc:wchar_t /Zc:forScope /Fo"Debug\\" /Fd"Debug\vc120.pdb" /Gd /TP /analyze- /errorReport:prompt main.cpp src\board_cell.cpp src\map.cpp src\system.cpp
         main.cpp
         Generating Code...
         Compiling...
         map.cpp
         Generating Code...
         Skipping... (no relevant changes detected)
         system.cpp
         board_cell.cpp
       Link:
         C:\Program Files (x86)\Microsoft Visual Studio 12.0\VC\bin\link.exe /ERRORREPORT:PROMPT /OUT:"D:\INFO\FACULTATE\introducere programare\proiect\minesweeper2\Debug\minesweeper2.exe" /INCREMENTAL /NOLOGO kernel32.lib user32.lib gdi32.lib winspool.lib comdlg32.lib advapi32.lib shell32.lib ole32.lib oleaut32.lib uuid.lib odbc32.lib odbccp32.lib /MANIFEST /MANIFESTUAC:"level='asInvoker' uiAccess='false'" /manifest:embed /DEBUG /PDB:"D:\INFO\FACULTATE\introducere programare\proiect\minesweeper2\Debug\minesweeper2.pdb" /SUBSYSTEM:CONSOLE /TLBID:1 /DYNAMICBASE /NXCOMPAT /IMPLIB:"D:\INFO\FACULTATE\introducere programare\proiect\minesweeper2\Debug\minesweeper2.lib" /MACHINE:X86 Debug\main.obj
         Debug\stack.obj
         Debug\system.obj
         Debug\board_cell.obj
         Debug\map.obj
         minesweeper2.vcxproj -> D:\INFO\FACULTATE\introducere programare\proiect\minesweeper2\Debug\minesweeper2.exe
     1>Done Building Project "D:\INFO\FACULTATE\introducere programare\proiect\minesweeper2\minesweeper2\minesweeper2.vcxproj" (Build target(s)).

Build succeeded.

Time Elapsed 00:00:02.01
